storeFinder/build/outputs/logs/manifest-merger-debug-report.txt
-- Merging decision tree log ---
manifest
ADDED from src\main\AndroidManifest.xml:2:1-142:12
	package
		ADDED from src\main\AndroidManifest.xml:3:5-39
		INJECTED from src\main\AndroidManifest.xml
		INJECTED from src\main\AndroidManifest.xml
	android:versionName
		ADDED from src\main\AndroidManifest.xml:5:5-30
		INJECTED from src\main\AndroidManifest.xml
		INJECTED from src\main\AndroidManifest.xml
	android:versionCode
		ADDED from src\main\AndroidManifest.xml:4:5-28
		INJECTED from src\main\AndroidManifest.xml
		INJECTED from src\main\AndroidManifest.xml
	xmlns:android
		ADDED from src\main\AndroidManifest.xml:2:11-69
uses-sdk
ADDED from src\main\AndroidManifest.xml:7:5-10:41
MERGED from [StoreFinder:facebookSDK:unspecified] AndroidManifest.xml:20:5-22:40
MERGED from [com.google.android.gms:play-services:5.0.89] AndroidManifest.xml:15:5-42
	android:maxSdkVersion
		ADDED from src\main\AndroidManifest.xml:8:9-35
	android:targetSdkVersion
		ADDED from src\main\AndroidManifest.xml:10:9-38
		INJECTED from src\main\AndroidManifest.xml
		INJECTED from src\main\AndroidManifest.xml
	android:minSdkVersion
		ADDED from src\main\AndroidManifest.xml:9:9-35
		INJECTED from src\main\AndroidManifest.xml
		INJECTED from src\main\AndroidManifest.xml
supports-screens
ADDED from src\main\AndroidManifest.xml:12:5-16:40
	android:largeScreens
		ADDED from src\main\AndroidManifest.xml:13:9-36
	android:smallScreens
		ADDED from src\main\AndroidManifest.xml:15:9-36
	android:normalScreens
		ADDED from src\main\AndroidManifest.xml:14:9-37
	android:xlargeScreens
		ADDED from src\main\AndroidManifest.xml:16:9-37
uses-feature#android.hardware.telephony
ADDED from src\main\AndroidManifest.xml:18:5-20:36
	android:required
		ADDED from src\main\AndroidManifest.xml:20:9-33
	android:name
		ADDED from src\main\AndroidManifest.xml:19:9-50
uses-permission#android.permission.INTERNET
ADDED from src\main\AndroidManifest.xml:22:5-67
	android:name
		ADDED from src\main\AndroidManifest.xml:22:22-64
uses-permission#android.permission.ACCESS_NETWORK_STATE
ADDED from src\main\AndroidManifest.xml:23:5-79
	android:name
		ADDED from src\main\AndroidManifest.xml:23:22-76
uses-permission#android.permission.WRITE_EXTERNAL_STORAGE
ADDED from src\main\AndroidManifest.xml:24:5-81
	android:name
		ADDED from src\main\AndroidManifest.xml:24:22-78
uses-permission#com.google.android.providers.gsf.permission.READ_GSERVICES
ADDED from src\main\AndroidManifest.xml:25:5-98
	android:name
		ADDED from src\main\AndroidManifest.xml:25:22-95
uses-permission#android.permission.ACCESS_COARSE_LOCATION
ADDED from src\main\AndroidManifest.xml:26:5-81
	android:name
		ADDED from src\main\AndroidManifest.xml:26:22-78
uses-permission#android.permission.ACCESS_FINE_LOCATION
ADDED from src\main\AndroidManifest.xml:27:5-79
	android:name
		ADDED from src\main\AndroidManifest.xml:27:22-76
uses-permission#android.permission.CALL_PHONE
ADDED from src\main\AndroidManifest.xml:28:5-69
	android:name
		ADDED from src\main\AndroidManifest.xml:28:22-66
android:uses-permission#android.permission.READ_PHONE_STATE
ADDED from src\main\AndroidManifest.xml:30:5-83
	android:name
		ADDED from src\main\AndroidManifest.xml:30:30-80
android:uses-permission#android.permission.READ_EXTERNAL_STORAGE
ADDED from src\main\AndroidManifest.xml:31:5-88
	android:name
		ADDED from src\main\AndroidManifest.xml:31:30-85
application
ADDED from src\main\AndroidManifest.xml:33:5-140:19
MERGED from [StoreFinder:facebookSDK:unspecified] AndroidManifest.xml:24:5-20
MERGED from [com.google.android.gms:play-services:5.0.89] AndroidManifest.xml:16:5-19
	android:label
		ADDED from src\main\AndroidManifest.xml:37:9-41
	android:hardwareAccelerated
		ADDED from src\main\AndroidManifest.xml:35:9-44
	android:allowBackup
		ADDED from src\main\AndroidManifest.xml:34:9-35
	android:icon
		ADDED from src\main\AndroidManifest.xml:36:9-45
	android:largeHeap
		ADDED from src\main\AndroidManifest.xml:38:9-33
	android:theme
		ADDED from src\main\AndroidManifest.xml:39:9-40
activity#com.projects.storefinder.MainActivity
ADDED from src\main\AndroidManifest.xml:40:9-44:20
	android:screenOrientation
		ADDED from src\main\AndroidManifest.xml:43:13-55
	android:label
		ADDED from src\main\AndroidManifest.xml:42:13-45
	android:name
		ADDED from src\main\AndroidManifest.xml:41:13-41
activity#com.projects.activities.PreHome
ADDED from src\main\AndroidManifest.xml:45:9-54:20
	android:label
		ADDED from src\main\AndroidManifest.xml:47:13-45
	android:windowSoftInputMode
		ADDED from src\main\AndroidManifest.xml:48:13-67
	android:name
		ADDED from src\main\AndroidManifest.xml:46:13-59
intent-filter#android.intent.action.MAIN+android.intent.category.LAUNCHER
ADDED from src\main\AndroidManifest.xml:49:13-53:29
action#android.intent.action.MAIN
ADDED from src\main\AndroidManifest.xml:50:17-69
	android:name
		ADDED from src\main\AndroidManifest.xml:50:25-66
category#android.intent.category.LAUNCHER
ADDED from src\main\AndroidManifest.xml:52:17-77
	android:name
		ADDED from src\main\AndroidManifest.xml:52:27-74
activity#com.projects.activities.ProfileActivity
ADDED from src\main\AndroidManifest.xml:55:9-58:70
	android:label
		ADDED from src\main\AndroidManifest.xml:57:13-45
	android:windowSoftInputMode
		ADDED from src\main\AndroidManifest.xml:58:13-67
	android:name
		ADDED from src\main\AndroidManifest.xml:56:13-67
activity#com.projects.activities.FormPedidos
ADDED from src\main\AndroidManifest.xml:59:9-62:70
	android:label
		ADDED from src\main\AndroidManifest.xml:61:13-45
	android:windowSoftInputMode
		ADDED from src\main\AndroidManifest.xml:62:13-67
	android:name
		ADDED from src\main\AndroidManifest.xml:60:13-63
activity#com.projects.activities.InsertNewPedidos
ADDED from src\main\AndroidManifest.xml:63:9-66:70
	android:label
		ADDED from src\main\AndroidManifest.xml:65:13-45
	android:windowSoftInputMode
		ADDED from src\main\AndroidManifest.xml:66:13-67
	android:name
		ADDED from src\main\AndroidManifest.xml:64:13-68
activity#com.projects.activities.AcessoVendas
ADDED from src\main\AndroidManifest.xml:67:9-70:70
	android:label
		ADDED from src\main\AndroidManifest.xml:69:13-45
	android:windowSoftInputMode
		ADDED from src\main\AndroidManifest.xml:70:13-67
	android:name
		ADDED from src\main\AndroidManifest.xml:68:13-64
activity#com.projects.activities.FinalizarPedido
ADDED from src\main\AndroidManifest.xml:71:9-74:70
	android:label
		ADDED from src\main\AndroidManifest.xml:73:13-45
	android:windowSoftInputMode
		ADDED from src\main\AndroidManifest.xml:74:13-67
	android:name
		ADDED from src\main\AndroidManifest.xml:72:13-67
activity#com.projects.activities.FormPedidosEnd
ADDED from src\main\AndroidManifest.xml:75:9-78:70
	android:label
		ADDED from src\main\AndroidManifest.xml:77:13-45
	android:windowSoftInputMode
		ADDED from src\main\AndroidManifest.xml:78:13-67
	android:name
		ADDED from src\main\AndroidManifest.xml:76:13-66
activity#com.projects.activities.RegisterActivity
ADDED from src\main\AndroidManifest.xml:79:9-82:70
	android:label
		ADDED from src\main\AndroidManifest.xml:81:13-45
	android:windowSoftInputMode
		ADDED from src\main\AndroidManifest.xml:82:13-67
	android:name
		ADDED from src\main\AndroidManifest.xml:80:13-68
activity#com.projects.activities.LoginActivity
ADDED from src\main\AndroidManifest.xml:83:9-86:70
	android:label
		ADDED from src\main\AndroidManifest.xml:85:13-45
	android:windowSoftInputMode
		ADDED from src\main\AndroidManifest.xml:86:13-67
	android:name
		ADDED from src\main\AndroidManifest.xml:84:13-65
activity#com.projects.activities.DetailActivity
ADDED from src\main\AndroidManifest.xml:87:9-89:48
	android:label
		ADDED from src\main\AndroidManifest.xml:89:13-45
	android:name
		ADDED from src\main\AndroidManifest.xml:88:13-66
activity#com.projects.activities.ReviewActivity
ADDED from src\main\AndroidManifest.xml:90:9-92:48
	android:label
		ADDED from src\main\AndroidManifest.xml:92:13-45
	android:name
		ADDED from src\main\AndroidManifest.xml:91:13-66
activity#com.projects.activities.NewReviewActivity
ADDED from src\main\AndroidManifest.xml:93:9-96:70
	android:label
		ADDED from src\main\AndroidManifest.xml:95:13-45
	android:windowSoftInputMode
		ADDED from src\main\AndroidManifest.xml:96:13-67
	android:name
		ADDED from src\main\AndroidManifest.xml:94:13-69
activity#com.projects.activities.ImageViewerActivity
ADDED from src\main\AndroidManifest.xml:97:9-99:48
	android:label
		ADDED from src\main\AndroidManifest.xml:99:13-45
	android:name
		ADDED from src\main\AndroidManifest.xml:98:13-71
activity#com.projects.activities.NewsDetailActivity
ADDED from src\main\AndroidManifest.xml:100:9-102:48
	android:label
		ADDED from src\main\AndroidManifest.xml:102:13-45
	android:name
		ADDED from src\main\AndroidManifest.xml:101:13-70
activity#com.projects.activities.StoreActivity
ADDED from src\main\AndroidManifest.xml:103:9-105:48
	android:label
		ADDED from src\main\AndroidManifest.xml:105:13-45
	android:name
		ADDED from src\main\AndroidManifest.xml:104:13-65
activity#com.projects.activities.SearchResultActivity
ADDED from src\main\AndroidManifest.xml:106:9-108:48
	android:label
		ADDED from src\main\AndroidManifest.xml:108:13-45
	android:name
		ADDED from src\main\AndroidManifest.xml:107:13-72
activity#com.google.android.gms.ads.AdActivity
ADDED from src\main\AndroidManifest.xml:109:9-111:125
	android:configChanges
		ADDED from src\main\AndroidManifest.xml:111:13-122
	android:name
		ADDED from src\main\AndroidManifest.xml:110:13-65
meta-data#com.google.android.maps.v2.API_KEY
ADDED from src\main\AndroidManifest.xml:113:9-115:71
	android:value
		ADDED from src\main\AndroidManifest.xml:115:13-68
	android:name
		ADDED from src\main\AndroidManifest.xml:114:13-62
meta-data#com.google.android.gms.version
ADDED from src\main\AndroidManifest.xml:116:9-118:69
	android:value
		ADDED from src\main\AndroidManifest.xml:118:13-66
	android:name
		ADDED from src\main\AndroidManifest.xml:117:13-58
activity#com.facebook.LoginActivity
ADDED from src\main\AndroidManifest.xml:120:9-123:75
	android:label
		ADDED from src\main\AndroidManifest.xml:122:13-45
	android:theme
		ADDED from src\main\AndroidManifest.xml:123:13-72
	android:name
		ADDED from src\main\AndroidManifest.xml:121:13-54
meta-data#com.facebook.sdk.ApplicationId
ADDED from src\main\AndroidManifest.xml:125:9-127:46
	android:value
		ADDED from src\main\AndroidManifest.xml:127:13-43
	android:name
		ADDED from src\main\AndroidManifest.xml:126:13-58
provider#com.facebook.NativeAppCallContentProvider
ADDED from src\main\AndroidManifest.xml:129:9-132:39
	android:authorities
		ADDED from src\main\AndroidManifest.xml:131:13-95
	android:exported
		ADDED from src\main\AndroidManifest.xml:132:13-36
	android:name
		ADDED from src\main\AndroidManifest.xml:130:13-69
receiver#com.libraries.receiver.StoreFinderBroadcastReceiver
ADDED from src\main\AndroidManifest.xml:134:9-138:20
	android:name
		ADDED from src\main\AndroidManifest.xml:134:19-85
intent-filter#com.facebook.platform.AppCallResultBroadcast
ADDED from src\main\AndroidManifest.xml:135:13-137:29
action#com.facebook.platform.AppCallResultBroadcast
ADDED from src\main\AndroidManifest.xml:136:17-87
	android:name
		ADDED from src\main\AndroidManifest.xml:136:25-84